<?xml version="1.0" encoding="UTF-8"?>
<!-- Generated by org.testng.reporters.JUnitXMLReporter -->
<testsuite ignored="0" hostname="Narendras-MBP" failures="0" tests="3" name="Default test" time="71.712" errors="0" timestamp="22 Jun 2022 07:55:31 GMT">
  <testcase classname="Scripts.WalletTest" name="Loginwithwallet" time="11.625"/>
  <testcase classname="Scripts.WalletTest" name="Hover_stars" time="29.435"/>
  <testcase classname="Scripts.WalletTest" name="Submitting" time="23.357"/>
</testsuite> <!-- Default test -->
